Analysis & Synthesis report for tarea1
Mon Feb 04 16:14:03 2019
Quartus Prime Version 18.1.0 Build 625 09/12/2018 SJ Lite Edition


---------------------
; Table of Contents ;
---------------------
  1. Legal Notice
  2. Analysis & Synthesis Summary
  3. Analysis & Synthesis Settings
  4. Parallel Compilation
  5. Analysis & Synthesis Source Files Read
  6. Analysis & Synthesis Resource Usage Summary
  7. Analysis & Synthesis Resource Utilization by Entity
  8. User-Specified and Inferred Latches
  9. General Register Statistics
 10. Multiplexer Restructuring Statistics (Restructuring Performed)
 11. Parameter Settings for Inferred Entity Instance: lpm_divide:Div2
 12. Parameter Settings for Inferred Entity Instance: lpm_divide:Div0
 13. Parameter Settings for Inferred Entity Instance: lpm_divide:Div1
 14. Parameter Settings for Inferred Entity Instance: lpm_mult:Mult0
 15. lpm_mult Parameter Settings by Entity Instance
 16. Post-Synthesis Netlist Statistics for Top Partition
 17. Elapsed Time Per Partition
 18. Analysis & Synthesis Messages



----------------
; Legal Notice ;
----------------
Copyright (C) 2018  Intel Corporation. All rights reserved.
Your use of Intel Corporation's design tools, logic functions 
and other software and tools, and its AMPP partner logic 
functions, and any output files from any of the foregoing 
(including device programming or simulation files), and any 
associated documentation or information are expressly subject 
to the terms and conditions of the Intel Program License 
Subscription Agreement, the Intel Quartus Prime License Agreement,
the Intel FPGA IP License Agreement, or other applicable license
agreement, including, without limitation, that your use is for
the sole purpose of programming logic devices manufactured by
Intel and sold by Intel or its authorized distributors.  Please
refer to the applicable agreement for further details.



+----------------------------------------------------------------------------------+
; Analysis & Synthesis Summary                                                     ;
+------------------------------------+---------------------------------------------+
; Analysis & Synthesis Status        ; Successful - Mon Feb 04 16:14:03 2019       ;
; Quartus Prime Version              ; 18.1.0 Build 625 09/12/2018 SJ Lite Edition ;
; Revision Name                      ; tarea1                                      ;
; Top-level Entity Name              ; bcd                                         ;
; Family                             ; Cyclone IV E                                ;
; Total logic elements               ; 268                                         ;
;     Total combinational functions  ; 268                                         ;
;     Dedicated logic registers      ; 0                                           ;
; Total registers                    ; 0                                           ;
; Total pins                         ; 29                                          ;
; Total virtual pins                 ; 0                                           ;
; Total memory bits                  ; 0                                           ;
; Embedded Multiplier 9-bit elements ; 0                                           ;
; Total PLLs                         ; 0                                           ;
+------------------------------------+---------------------------------------------+


+------------------------------------------------------------------------------------------------------------+
; Analysis & Synthesis Settings                                                                              ;
+------------------------------------------------------------------+--------------------+--------------------+
; Option                                                           ; Setting            ; Default Value      ;
+------------------------------------------------------------------+--------------------+--------------------+
; Device                                                           ; EP4CE115F29C7      ;                    ;
; Top-level entity name                                            ; bcd                ; tarea1             ;
; Family name                                                      ; Cyclone IV E       ; Cyclone V          ;
; Use smart compilation                                            ; Off                ; Off                ;
; Enable parallel Assembler and Timing Analyzer during compilation ; On                 ; On                 ;
; Enable compact report table                                      ; Off                ; Off                ;
; Restructure Multiplexers                                         ; Auto               ; Auto               ;
; Create Debugging Nodes for IP Cores                              ; Off                ; Off                ;
; Preserve fewer node names                                        ; On                 ; On                 ;
; Intel FPGA IP Evaluation Mode                                    ; Enable             ; Enable             ;
; Verilog Version                                                  ; Verilog_2001       ; Verilog_2001       ;
; VHDL Version                                                     ; VHDL_1993          ; VHDL_1993          ;
; State Machine Processing                                         ; Auto               ; Auto               ;
; Safe State Machine                                               ; Off                ; Off                ;
; Extract Verilog State Machines                                   ; On                 ; On                 ;
; Extract VHDL State Machines                                      ; On                 ; On                 ;
; Ignore Verilog initial constructs                                ; Off                ; Off                ;
; Iteration limit for constant Verilog loops                       ; 5000               ; 5000               ;
; Iteration limit for non-constant Verilog loops                   ; 250                ; 250                ;
; Add Pass-Through Logic to Inferred RAMs                          ; On                 ; On                 ;
; Infer RAMs from Raw Logic                                        ; On                 ; On                 ;
; Parallel Synthesis                                               ; On                 ; On                 ;
; DSP Block Balancing                                              ; Auto               ; Auto               ;
; NOT Gate Push-Back                                               ; On                 ; On                 ;
; Power-Up Don't Care                                              ; On                 ; On                 ;
; Remove Redundant Logic Cells                                     ; Off                ; Off                ;
; Remove Duplicate Registers                                       ; On                 ; On                 ;
; Ignore CARRY Buffers                                             ; Off                ; Off                ;
; Ignore CASCADE Buffers                                           ; Off                ; Off                ;
; Ignore GLOBAL Buffers                                            ; Off                ; Off                ;
; Ignore ROW GLOBAL Buffers                                        ; Off                ; Off                ;
; Ignore LCELL Buffers                                             ; Off                ; Off                ;
; Ignore SOFT Buffers                                              ; On                 ; On                 ;
; Limit AHDL Integers to 32 Bits                                   ; Off                ; Off                ;
; Optimization Technique                                           ; Balanced           ; Balanced           ;
; Carry Chain Length                                               ; 70                 ; 70                 ;
; Auto Carry Chains                                                ; On                 ; On                 ;
; Auto Open-Drain Pins                                             ; On                 ; On                 ;
; Perform WYSIWYG Primitive Resynthesis                            ; Off                ; Off                ;
; Auto ROM Replacement                                             ; On                 ; On                 ;
; Auto RAM Replacement                                             ; On                 ; On                 ;
; Auto DSP Block Replacement                                       ; On                 ; On                 ;
; Auto Shift Register Replacement                                  ; Auto               ; Auto               ;
; Allow Shift Register Merging across Hierarchies                  ; Auto               ; Auto               ;
; Auto Clock Enable Replacement                                    ; On                 ; On                 ;
; Strict RAM Replacement                                           ; Off                ; Off                ;
; Allow Synchronous Control Signals                                ; On                 ; On                 ;
; Force Use of Synchronous Clear Signals                           ; Off                ; Off                ;
; Auto RAM Block Balancing                                         ; On                 ; On                 ;
; Auto RAM to Logic Cell Conversion                                ; Off                ; Off                ;
; Auto Resource Sharing                                            ; Off                ; Off                ;
; Allow Any RAM Size For Recognition                               ; Off                ; Off                ;
; Allow Any ROM Size For Recognition                               ; Off                ; Off                ;
; Allow Any Shift Register Size For Recognition                    ; Off                ; Off                ;
; Use LogicLock Constraints during Resource Balancing              ; On                 ; On                 ;
; Ignore translate_off and synthesis_off directives                ; Off                ; Off                ;
; Timing-Driven Synthesis                                          ; On                 ; On                 ;
; Report Parameter Settings                                        ; On                 ; On                 ;
; Report Source Assignments                                        ; On                 ; On                 ;
; Report Connectivity Checks                                       ; On                 ; On                 ;
; Ignore Maximum Fan-Out Assignments                               ; Off                ; Off                ;
; Synchronization Register Chain Length                            ; 2                  ; 2                  ;
; Power Optimization During Synthesis                              ; Normal compilation ; Normal compilation ;
; HDL message level                                                ; Level2             ; Level2             ;
; Suppress Register Optimization Related Messages                  ; Off                ; Off                ;
; Number of Removed Registers Reported in Synthesis Report         ; 5000               ; 5000               ;
; Number of Swept Nodes Reported in Synthesis Report               ; 5000               ; 5000               ;
; Number of Inverted Registers Reported in Synthesis Report        ; 100                ; 100                ;
; Clock MUX Protection                                             ; On                 ; On                 ;
; Auto Gated Clock Conversion                                      ; Off                ; Off                ;
; Block Design Naming                                              ; Auto               ; Auto               ;
; SDC constraint protection                                        ; Off                ; Off                ;
; Synthesis Effort                                                 ; Auto               ; Auto               ;
; Shift Register Replacement - Allow Asynchronous Clear Signal     ; On                 ; On                 ;
; Pre-Mapping Resynthesis Optimization                             ; Off                ; Off                ;
; Analysis & Synthesis Message Level                               ; Medium             ; Medium             ;
; Disable Register Merging Across Hierarchies                      ; Auto               ; Auto               ;
; Resource Aware Inference For Block RAM                           ; On                 ; On                 ;
+------------------------------------------------------------------+--------------------+--------------------+


+------------------------------------------+
; Parallel Compilation                     ;
+----------------------------+-------------+
; Processors                 ; Number      ;
+----------------------------+-------------+
; Number detected on machine ; 4           ;
; Maximum allowed            ; 2           ;
;                            ;             ;
; Average used               ; 1.00        ;
; Maximum used               ; 2           ;
;                            ;             ;
; Usage by Processor         ; % Time Used ;
;     Processor 1            ; 100.0%      ;
;     Processor 2            ;   0.0%      ;
+----------------------------+-------------+


+--------------------------------------------------------------------------------------------------------------------------------------------------------------------------+
; Analysis & Synthesis Source Files Read                                                                                                                                   ;
+----------------------------------+-----------------+------------------------------+----------------------------------------------------------------------------+---------+
; File Name with User-Entered Path ; Used in Netlist ; File Type                    ; File Name with Absolute Path                                               ; Library ;
+----------------------------------+-----------------+------------------------------+----------------------------------------------------------------------------+---------+
; bcd.sv                           ; yes             ; User SystemVerilog HDL File  ; C:/Verificacion/tarea1/bcd.sv                                              ;         ;
; lpm_divide.tdf                   ; yes             ; Megafunction                 ; c:/intelfpga_lite/18.1/quartus/libraries/megafunctions/lpm_divide.tdf      ;         ;
; abs_divider.inc                  ; yes             ; Megafunction                 ; c:/intelfpga_lite/18.1/quartus/libraries/megafunctions/abs_divider.inc     ;         ;
; sign_div_unsign.inc              ; yes             ; Megafunction                 ; c:/intelfpga_lite/18.1/quartus/libraries/megafunctions/sign_div_unsign.inc ;         ;
; aglobal181.inc                   ; yes             ; Megafunction                 ; c:/intelfpga_lite/18.1/quartus/libraries/megafunctions/aglobal181.inc      ;         ;
; db/lpm_divide_0jm.tdf            ; yes             ; Auto-Generated Megafunction  ; C:/Verificacion/tarea1/db/lpm_divide_0jm.tdf                               ;         ;
; db/sign_div_unsign_olh.tdf       ; yes             ; Auto-Generated Megafunction  ; C:/Verificacion/tarea1/db/sign_div_unsign_olh.tdf                          ;         ;
; db/alt_u_div_47f.tdf             ; yes             ; Auto-Generated Megafunction  ; C:/Verificacion/tarea1/db/alt_u_div_47f.tdf                                ;         ;
; db/add_sub_7pc.tdf               ; yes             ; Auto-Generated Megafunction  ; C:/Verificacion/tarea1/db/add_sub_7pc.tdf                                  ;         ;
; db/add_sub_8pc.tdf               ; yes             ; Auto-Generated Megafunction  ; C:/Verificacion/tarea1/db/add_sub_8pc.tdf                                  ;         ;
; db/lpm_divide_jhm.tdf            ; yes             ; Auto-Generated Megafunction  ; C:/Verificacion/tarea1/db/lpm_divide_jhm.tdf                               ;         ;
; db/sign_div_unsign_bkh.tdf       ; yes             ; Auto-Generated Megafunction  ; C:/Verificacion/tarea1/db/sign_div_unsign_bkh.tdf                          ;         ;
; db/alt_u_div_a4f.tdf             ; yes             ; Auto-Generated Megafunction  ; C:/Verificacion/tarea1/db/alt_u_div_a4f.tdf                                ;         ;
; db/lpm_divide_mhm.tdf            ; yes             ; Auto-Generated Megafunction  ; C:/Verificacion/tarea1/db/lpm_divide_mhm.tdf                               ;         ;
; db/sign_div_unsign_ekh.tdf       ; yes             ; Auto-Generated Megafunction  ; C:/Verificacion/tarea1/db/sign_div_unsign_ekh.tdf                          ;         ;
; db/alt_u_div_g4f.tdf             ; yes             ; Auto-Generated Megafunction  ; C:/Verificacion/tarea1/db/alt_u_div_g4f.tdf                                ;         ;
; lpm_mult.tdf                     ; yes             ; Megafunction                 ; c:/intelfpga_lite/18.1/quartus/libraries/megafunctions/lpm_mult.tdf        ;         ;
; lpm_add_sub.inc                  ; yes             ; Megafunction                 ; c:/intelfpga_lite/18.1/quartus/libraries/megafunctions/lpm_add_sub.inc     ;         ;
; multcore.inc                     ; yes             ; Megafunction                 ; c:/intelfpga_lite/18.1/quartus/libraries/megafunctions/multcore.inc        ;         ;
; bypassff.inc                     ; yes             ; Megafunction                 ; c:/intelfpga_lite/18.1/quartus/libraries/megafunctions/bypassff.inc        ;         ;
; altshift.inc                     ; yes             ; Megafunction                 ; c:/intelfpga_lite/18.1/quartus/libraries/megafunctions/altshift.inc        ;         ;
; multcore.tdf                     ; yes             ; Megafunction                 ; c:/intelfpga_lite/18.1/quartus/libraries/megafunctions/multcore.tdf        ;         ;
; csa_add.inc                      ; yes             ; Megafunction                 ; c:/intelfpga_lite/18.1/quartus/libraries/megafunctions/csa_add.inc         ;         ;
; mpar_add.inc                     ; yes             ; Megafunction                 ; c:/intelfpga_lite/18.1/quartus/libraries/megafunctions/mpar_add.inc        ;         ;
; muleabz.inc                      ; yes             ; Megafunction                 ; c:/intelfpga_lite/18.1/quartus/libraries/megafunctions/muleabz.inc         ;         ;
; mul_lfrg.inc                     ; yes             ; Megafunction                 ; c:/intelfpga_lite/18.1/quartus/libraries/megafunctions/mul_lfrg.inc        ;         ;
; mul_boothc.inc                   ; yes             ; Megafunction                 ; c:/intelfpga_lite/18.1/quartus/libraries/megafunctions/mul_boothc.inc      ;         ;
; alt_ded_mult.inc                 ; yes             ; Megafunction                 ; c:/intelfpga_lite/18.1/quartus/libraries/megafunctions/alt_ded_mult.inc    ;         ;
; alt_ded_mult_y.inc               ; yes             ; Megafunction                 ; c:/intelfpga_lite/18.1/quartus/libraries/megafunctions/alt_ded_mult_y.inc  ;         ;
; dffpipe.inc                      ; yes             ; Megafunction                 ; c:/intelfpga_lite/18.1/quartus/libraries/megafunctions/dffpipe.inc         ;         ;
; mpar_add.tdf                     ; yes             ; Megafunction                 ; c:/intelfpga_lite/18.1/quartus/libraries/megafunctions/mpar_add.tdf        ;         ;
; altshift.tdf                     ; yes             ; Megafunction                 ; c:/intelfpga_lite/18.1/quartus/libraries/megafunctions/altshift.tdf        ;         ;
+----------------------------------+-----------------+------------------------------+----------------------------------------------------------------------------+---------+


+--------------------------------------------------------------------------------------------------------------------------------------------------------------------------+
; Analysis & Synthesis Resource Usage Summary                                                                                                                              ;
+---------------------------------------------+----------------------------------------------------------------------------------------------------------------------------+
; Resource                                    ; Usage                                                                                                                      ;
+---------------------------------------------+----------------------------------------------------------------------------------------------------------------------------+
; Estimated Total logic elements              ; 268                                                                                                                        ;
;                                             ;                                                                                                                            ;
; Total combinational functions               ; 268                                                                                                                        ;
; Logic element usage by number of LUT inputs ;                                                                                                                            ;
;     -- 4 input functions                    ; 45                                                                                                                         ;
;     -- 3 input functions                    ; 93                                                                                                                         ;
;     -- <=2 input functions                  ; 130                                                                                                                        ;
;                                             ;                                                                                                                            ;
; Logic elements by mode                      ;                                                                                                                            ;
;     -- normal mode                          ; 188                                                                                                                        ;
;     -- arithmetic mode                      ; 80                                                                                                                         ;
;                                             ;                                                                                                                            ;
; Total registers                             ; 0                                                                                                                          ;
;     -- Dedicated logic registers            ; 0                                                                                                                          ;
;     -- I/O registers                        ; 0                                                                                                                          ;
;                                             ;                                                                                                                            ;
; I/O pins                                    ; 29                                                                                                                         ;
;                                             ;                                                                                                                            ;
; Embedded Multiplier 9-bit elements          ; 0                                                                                                                          ;
;                                             ;                                                                                                                            ;
; Maximum fan-out node                        ; lpm_divide:Div1|lpm_divide_mhm:auto_generated|sign_div_unsign_ekh:divider|alt_u_div_g4f:divider|add_sub_6_result_int[7]~10 ;
; Maximum fan-out                             ; 21                                                                                                                         ;
; Total fan-out                               ; 731                                                                                                                        ;
; Average fan-out                             ; 2.24                                                                                                                       ;
+---------------------------------------------+----------------------------------------------------------------------------------------------------------------------------+


+---------------------------------------------------------------------------------------------------------------------------------------------------------------------------------------------------------------------------------------------------------------------------------------------------------------+
; Analysis & Synthesis Resource Utilization by Entity                                                                                                                                                                                                                                                           ;
+----------------------------------------+---------------------+---------------------------+-------------+--------------+---------+-----------+------+--------------+------------------------------------------------------------------------------------------------------+---------------------+--------------+
; Compilation Hierarchy Node             ; Combinational ALUTs ; Dedicated Logic Registers ; Memory Bits ; DSP Elements ; DSP 9x9 ; DSP 18x18 ; Pins ; Virtual Pins ; Full Hierarchy Name                                                                                  ; Entity Name         ; Library Name ;
+----------------------------------------+---------------------+---------------------------+-------------+--------------+---------+-----------+------+--------------+------------------------------------------------------------------------------------------------------+---------------------+--------------+
; |bcd                                   ; 268 (75)            ; 0 (0)                     ; 0           ; 0            ; 0       ; 0         ; 29   ; 0            ; |bcd                                                                                                 ; bcd                 ; work         ;
;    |lpm_divide:Div0|                   ; 56 (0)              ; 0 (0)                     ; 0           ; 0            ; 0       ; 0         ; 0    ; 0            ; |bcd|lpm_divide:Div0                                                                                 ; lpm_divide          ; work         ;
;       |lpm_divide_jhm:auto_generated|  ; 56 (0)              ; 0 (0)                     ; 0           ; 0            ; 0       ; 0         ; 0    ; 0            ; |bcd|lpm_divide:Div0|lpm_divide_jhm:auto_generated                                                   ; lpm_divide_jhm      ; work         ;
;          |sign_div_unsign_bkh:divider| ; 56 (0)              ; 0 (0)                     ; 0           ; 0            ; 0       ; 0         ; 0    ; 0            ; |bcd|lpm_divide:Div0|lpm_divide_jhm:auto_generated|sign_div_unsign_bkh:divider                       ; sign_div_unsign_bkh ; work         ;
;             |alt_u_div_a4f:divider|    ; 56 (56)             ; 0 (0)                     ; 0           ; 0            ; 0       ; 0         ; 0    ; 0            ; |bcd|lpm_divide:Div0|lpm_divide_jhm:auto_generated|sign_div_unsign_bkh:divider|alt_u_div_a4f:divider ; alt_u_div_a4f       ; work         ;
;    |lpm_divide:Div1|                   ; 25 (0)              ; 0 (0)                     ; 0           ; 0            ; 0       ; 0         ; 0    ; 0            ; |bcd|lpm_divide:Div1                                                                                 ; lpm_divide          ; work         ;
;       |lpm_divide_mhm:auto_generated|  ; 25 (0)              ; 0 (0)                     ; 0           ; 0            ; 0       ; 0         ; 0    ; 0            ; |bcd|lpm_divide:Div1|lpm_divide_mhm:auto_generated                                                   ; lpm_divide_mhm      ; work         ;
;          |sign_div_unsign_ekh:divider| ; 25 (0)              ; 0 (0)                     ; 0           ; 0            ; 0       ; 0         ; 0    ; 0            ; |bcd|lpm_divide:Div1|lpm_divide_mhm:auto_generated|sign_div_unsign_ekh:divider                       ; sign_div_unsign_ekh ; work         ;
;             |alt_u_div_g4f:divider|    ; 25 (25)             ; 0 (0)                     ; 0           ; 0            ; 0       ; 0         ; 0    ; 0            ; |bcd|lpm_divide:Div1|lpm_divide_mhm:auto_generated|sign_div_unsign_ekh:divider|alt_u_div_g4f:divider ; alt_u_div_g4f       ; work         ;
;    |lpm_divide:Div2|                   ; 109 (0)             ; 0 (0)                     ; 0           ; 0            ; 0       ; 0         ; 0    ; 0            ; |bcd|lpm_divide:Div2                                                                                 ; lpm_divide          ; work         ;
;       |lpm_divide_0jm:auto_generated|  ; 109 (0)             ; 0 (0)                     ; 0           ; 0            ; 0       ; 0         ; 0    ; 0            ; |bcd|lpm_divide:Div2|lpm_divide_0jm:auto_generated                                                   ; lpm_divide_0jm      ; work         ;
;          |sign_div_unsign_olh:divider| ; 109 (0)             ; 0 (0)                     ; 0           ; 0            ; 0       ; 0         ; 0    ; 0            ; |bcd|lpm_divide:Div2|lpm_divide_0jm:auto_generated|sign_div_unsign_olh:divider                       ; sign_div_unsign_olh ; work         ;
;             |alt_u_div_47f:divider|    ; 109 (109)           ; 0 (0)                     ; 0           ; 0            ; 0       ; 0         ; 0    ; 0            ; |bcd|lpm_divide:Div2|lpm_divide_0jm:auto_generated|sign_div_unsign_olh:divider|alt_u_div_47f:divider ; alt_u_div_47f       ; work         ;
;    |lpm_mult:Mult0|                    ; 3 (0)               ; 0 (0)                     ; 0           ; 0            ; 0       ; 0         ; 0    ; 0            ; |bcd|lpm_mult:Mult0                                                                                  ; lpm_mult            ; work         ;
;       |multcore:mult_core|             ; 3 (3)               ; 0 (0)                     ; 0           ; 0            ; 0       ; 0         ; 0    ; 0            ; |bcd|lpm_mult:Mult0|multcore:mult_core                                                               ; multcore            ; work         ;
+----------------------------------------+---------------------+---------------------------+-------------+--------------+---------+-----------+------+--------------+------------------------------------------------------------------------------------------------------+---------------------+--------------+
Note: For table entries with two numbers listed, the numbers in parentheses indicate the number of resources of the given type used by the specific entity alone. The numbers listed outside of parentheses indicate the total resources of the given type used by the specific entity and all of its sub-entities in the hierarchy.


+----------------------------------------------------------------------------------------------------+
; User-Specified and Inferred Latches                                                                ;
+-----------------------------------------------------+---------------------+------------------------+
; Latch Name                                          ; Latch Enable Signal ; Free of Timing Hazards ;
+-----------------------------------------------------+---------------------+------------------------+
; unidades[6]$latch                                   ; Mux23               ; yes                    ;
; unidades[5]$latch                                   ; Mux23               ; yes                    ;
; unidades[4]$latch                                   ; Mux23               ; yes                    ;
; unidades[3]$latch                                   ; Mux23               ; yes                    ;
; unidades[2]$latch                                   ; Mux23               ; yes                    ;
; unidades[1]$latch                                   ; Mux23               ; yes                    ;
; unidades[0]$latch                                   ; Mux23               ; yes                    ;
; decenas[6]$latch                                    ; Mux15               ; yes                    ;
; decenas[5]$latch                                    ; Mux15               ; yes                    ;
; decenas[4]$latch                                    ; Mux15               ; yes                    ;
; decenas[3]$latch                                    ; Mux15               ; yes                    ;
; decenas[2]$latch                                    ; Mux15               ; yes                    ;
; decenas[1]$latch                                    ; Mux15               ; yes                    ;
; decenas[0]$latch                                    ; Mux15               ; yes                    ;
; Number of user-specified and inferred latches = 14  ;                     ;                        ;
+-----------------------------------------------------+---------------------+------------------------+
Note: All latches listed above may not be present at the end of synthesis due to various synthesis optimizations.


+------------------------------------------------------+
; General Register Statistics                          ;
+----------------------------------------------+-------+
; Statistic                                    ; Value ;
+----------------------------------------------+-------+
; Total registers                              ; 0     ;
; Number of registers using Synchronous Clear  ; 0     ;
; Number of registers using Synchronous Load   ; 0     ;
; Number of registers using Asynchronous Clear ; 0     ;
; Number of registers using Asynchronous Load  ; 0     ;
; Number of registers using Clock Enable       ; 0     ;
; Number of registers using Preset             ; 0     ;
+----------------------------------------------+-------+


+------------------------------------------------------------------------------------------------------------------------------------------+
; Multiplexer Restructuring Statistics (Restructuring Performed)                                                                           ;
+--------------------+-----------+---------------+----------------------+------------------------+------------+----------------------------+
; Multiplexer Inputs ; Bus Width ; Baseline Area ; Area if Restructured ; Saving if Restructured ; Registered ; Example Multiplexer Output ;
+--------------------+-----------+---------------+----------------------+------------------------+------------+----------------------------+
; 3:1                ; 4 bits    ; 8 LEs         ; 4 LEs                ; 4 LEs                  ; No         ; |bcd|centenas_l[0]         ;
; 3:1                ; 4 bits    ; 8 LEs         ; 8 LEs                ; 0 LEs                  ; No         ; |bcd|decenas_l[0]          ;
; 3:1                ; 3 bits    ; 6 LEs         ; 6 LEs                ; 0 LEs                  ; No         ; |bcd|unidades_l[1]         ;
+--------------------+-----------+---------------+----------------------+------------------------+------------+----------------------------+


+------------------------------------------------------------------+
; Parameter Settings for Inferred Entity Instance: lpm_divide:Div2 ;
+------------------------+----------------+------------------------+
; Parameter Name         ; Value          ; Type                   ;
+------------------------+----------------+------------------------+
; LPM_WIDTHN             ; 32             ; Untyped                ;
; LPM_WIDTHD             ; 4              ; Untyped                ;
; LPM_NREPRESENTATION    ; UNSIGNED       ; Untyped                ;
; LPM_DREPRESENTATION    ; UNSIGNED       ; Untyped                ;
; LPM_PIPELINE           ; 0              ; Untyped                ;
; LPM_REMAINDERPOSITIVE  ; TRUE           ; Untyped                ;
; MAXIMIZE_SPEED         ; 5              ; Untyped                ;
; CBXI_PARAMETER         ; lpm_divide_0jm ; Untyped                ;
; CARRY_CHAIN            ; MANUAL         ; Untyped                ;
; OPTIMIZE_FOR_SPEED     ; 5              ; Untyped                ;
; AUTO_CARRY_CHAINS      ; ON             ; AUTO_CARRY             ;
; IGNORE_CARRY_BUFFERS   ; OFF            ; IGNORE_CARRY           ;
; AUTO_CASCADE_CHAINS    ; ON             ; AUTO_CASCADE           ;
; IGNORE_CASCADE_BUFFERS ; OFF            ; IGNORE_CASCADE         ;
+------------------------+----------------+------------------------+
Note: In order to hide this table in the UI and the text report file, please set the "Show Parameter Settings in Synthesis Report" option in "Analysis and Synthesis Settings -> More Settings" to "Off".


+------------------------------------------------------------------+
; Parameter Settings for Inferred Entity Instance: lpm_divide:Div0 ;
+------------------------+----------------+------------------------+
; Parameter Name         ; Value          ; Type                   ;
+------------------------+----------------+------------------------+
; LPM_WIDTHN             ; 8              ; Untyped                ;
; LPM_WIDTHD             ; 4              ; Untyped                ;
; LPM_NREPRESENTATION    ; UNSIGNED       ; Untyped                ;
; LPM_DREPRESENTATION    ; UNSIGNED       ; Untyped                ;
; LPM_PIPELINE           ; 0              ; Untyped                ;
; LPM_REMAINDERPOSITIVE  ; TRUE           ; Untyped                ;
; MAXIMIZE_SPEED         ; 5              ; Untyped                ;
; CBXI_PARAMETER         ; lpm_divide_jhm ; Untyped                ;
; CARRY_CHAIN            ; MANUAL         ; Untyped                ;
; OPTIMIZE_FOR_SPEED     ; 5              ; Untyped                ;
; AUTO_CARRY_CHAINS      ; ON             ; AUTO_CARRY             ;
; IGNORE_CARRY_BUFFERS   ; OFF            ; IGNORE_CARRY           ;
; AUTO_CASCADE_CHAINS    ; ON             ; AUTO_CASCADE           ;
; IGNORE_CASCADE_BUFFERS ; OFF            ; IGNORE_CASCADE         ;
+------------------------+----------------+------------------------+
Note: In order to hide this table in the UI and the text report file, please set the "Show Parameter Settings in Synthesis Report" option in "Analysis and Synthesis Settings -> More Settings" to "Off".


+------------------------------------------------------------------+
; Parameter Settings for Inferred Entity Instance: lpm_divide:Div1 ;
+------------------------+----------------+------------------------+
; Parameter Name         ; Value          ; Type                   ;
+------------------------+----------------+------------------------+
; LPM_WIDTHN             ; 8              ; Untyped                ;
; LPM_WIDTHD             ; 7              ; Untyped                ;
; LPM_NREPRESENTATION    ; UNSIGNED       ; Untyped                ;
; LPM_DREPRESENTATION    ; UNSIGNED       ; Untyped                ;
; LPM_PIPELINE           ; 0              ; Untyped                ;
; LPM_REMAINDERPOSITIVE  ; TRUE           ; Untyped                ;
; MAXIMIZE_SPEED         ; 5              ; Untyped                ;
; CBXI_PARAMETER         ; lpm_divide_mhm ; Untyped                ;
; CARRY_CHAIN            ; MANUAL         ; Untyped                ;
; OPTIMIZE_FOR_SPEED     ; 5              ; Untyped                ;
; AUTO_CARRY_CHAINS      ; ON             ; AUTO_CARRY             ;
; IGNORE_CARRY_BUFFERS   ; OFF            ; IGNORE_CARRY           ;
; AUTO_CASCADE_CHAINS    ; ON             ; AUTO_CASCADE           ;
; IGNORE_CASCADE_BUFFERS ; OFF            ; IGNORE_CASCADE         ;
+------------------------+----------------+------------------------+
Note: In order to hide this table in the UI and the text report file, please set the "Show Parameter Settings in Synthesis Report" option in "Analysis and Synthesis Settings -> More Settings" to "Off".


+-------------------------------------------------------------------------------------+
; Parameter Settings for Inferred Entity Instance: lpm_mult:Mult0                     ;
+------------------------------------------------+--------------+---------------------+
; Parameter Name                                 ; Value        ; Type                ;
+------------------------------------------------+--------------+---------------------+
; AUTO_CARRY_CHAINS                              ; ON           ; AUTO_CARRY          ;
; IGNORE_CARRY_BUFFERS                           ; OFF          ; IGNORE_CARRY        ;
; AUTO_CASCADE_CHAINS                            ; ON           ; AUTO_CASCADE        ;
; IGNORE_CASCADE_BUFFERS                         ; OFF          ; IGNORE_CASCADE      ;
; LPM_WIDTHA                                     ; 4            ; Untyped             ;
; LPM_WIDTHB                                     ; 7            ; Untyped             ;
; LPM_WIDTHP                                     ; 11           ; Untyped             ;
; LPM_WIDTHR                                     ; 11           ; Untyped             ;
; LPM_WIDTHS                                     ; 1            ; Untyped             ;
; LPM_REPRESENTATION                             ; UNSIGNED     ; Untyped             ;
; LPM_PIPELINE                                   ; 0            ; Untyped             ;
; LATENCY                                        ; 0            ; Untyped             ;
; INPUT_A_IS_CONSTANT                            ; NO           ; Untyped             ;
; INPUT_B_IS_CONSTANT                            ; YES          ; Untyped             ;
; USE_EAB                                        ; OFF          ; Untyped             ;
; MAXIMIZE_SPEED                                 ; 5            ; Untyped             ;
; DEVICE_FAMILY                                  ; Cyclone IV E ; Untyped             ;
; CARRY_CHAIN                                    ; MANUAL       ; Untyped             ;
; APEX20K_TECHNOLOGY_MAPPER                      ; LUT          ; TECH_MAPPER_APEX20K ;
; DEDICATED_MULTIPLIER_CIRCUITRY                 ; AUTO         ; Untyped             ;
; DEDICATED_MULTIPLIER_MIN_INPUT_WIDTH_FOR_AUTO  ; 0            ; Untyped             ;
; DEDICATED_MULTIPLIER_MIN_OUTPUT_WIDTH_FOR_AUTO ; 0            ; Untyped             ;
; CBXI_PARAMETER                                 ; NOTHING      ; Untyped             ;
; INPUT_A_FIXED_VALUE                            ; Bx           ; Untyped             ;
; INPUT_B_FIXED_VALUE                            ; Bx           ; Untyped             ;
; USE_AHDL_IMPLEMENTATION                        ; OFF          ; Untyped             ;
+------------------------------------------------+--------------+---------------------+
Note: In order to hide this table in the UI and the text report file, please set the "Show Parameter Settings in Synthesis Report" option in "Analysis and Synthesis Settings -> More Settings" to "Off".


+--------------------------------------------------------+
; lpm_mult Parameter Settings by Entity Instance         ;
+---------------------------------------+----------------+
; Name                                  ; Value          ;
+---------------------------------------+----------------+
; Number of entity instances            ; 1              ;
; Entity Instance                       ; lpm_mult:Mult0 ;
;     -- LPM_WIDTHA                     ; 4              ;
;     -- LPM_WIDTHB                     ; 7              ;
;     -- LPM_WIDTHP                     ; 11             ;
;     -- LPM_REPRESENTATION             ; UNSIGNED       ;
;     -- INPUT_A_IS_CONSTANT            ; NO             ;
;     -- INPUT_B_IS_CONSTANT            ; YES            ;
;     -- USE_EAB                        ; OFF            ;
;     -- DEDICATED_MULTIPLIER_CIRCUITRY ; AUTO           ;
;     -- INPUT_A_FIXED_VALUE            ; Bx             ;
;     -- INPUT_B_FIXED_VALUE            ; Bx             ;
+---------------------------------------+----------------+


+-----------------------------------------------------+
; Post-Synthesis Netlist Statistics for Top Partition ;
+-----------------------+-----------------------------+
; Type                  ; Count                       ;
+-----------------------+-----------------------------+
; boundary_port         ; 29                          ;
; cycloneiii_lcell_comb ; 272                         ;
;     arith             ; 80                          ;
;         1 data inputs ; 3                           ;
;         2 data inputs ; 13                          ;
;         3 data inputs ; 64                          ;
;     normal            ; 192                         ;
;         0 data inputs ; 18                          ;
;         1 data inputs ; 3                           ;
;         2 data inputs ; 97                          ;
;         3 data inputs ; 29                          ;
;         4 data inputs ; 45                          ;
;                       ;                             ;
; Max LUT depth         ; 33.00                       ;
; Average LUT depth     ; 26.10                       ;
+-----------------------+-----------------------------+


+-------------------------------+
; Elapsed Time Per Partition    ;
+----------------+--------------+
; Partition Name ; Elapsed Time ;
+----------------+--------------+
; Top            ; 00:00:01     ;
+----------------+--------------+


+-------------------------------+
; Analysis & Synthesis Messages ;
+-------------------------------+
Info: *******************************************************************
Info: Running Quartus Prime Analysis & Synthesis
    Info: Version 18.1.0 Build 625 09/12/2018 SJ Lite Edition
    Info: Processing started: Mon Feb 04 16:13:45 2019
Info: Command: quartus_map --read_settings_files=on --write_settings_files=off tarea1 -c tarea1
Warning (18236): Number of processors has not been specified which may cause overloading on shared machines.  Set the global assignment NUM_PARALLEL_PROCESSORS in your QSF to an appropriate value for best performance.
Info (20030): Parallel compilation is enabled and will use 2 of the 2 processors detected
Info (12021): Found 1 design units, including 1 entities, in source file bcd.sv
    Info (12023): Found entity 1: bcd File: C:/Verificacion/tarea1/bcd.sv Line: 1
Info (12127): Elaborating entity "bcd" for the top level hierarchy
Warning (10230): Verilog HDL assignment warning at bcd.sv(21): truncated value with size 8 to match size of target (4) File: C:/Verificacion/tarea1/bcd.sv Line: 21
Warning (10230): Verilog HDL assignment warning at bcd.sv(26): truncated value with size 32 to match size of target (4) File: C:/Verificacion/tarea1/bcd.sv Line: 26
Warning (10230): Verilog HDL assignment warning at bcd.sv(27): truncated value with size 32 to match size of target (4) File: C:/Verificacion/tarea1/bcd.sv Line: 27
Warning (10230): Verilog HDL assignment warning at bcd.sv(31): truncated value with size 32 to match size of target (4) File: C:/Verificacion/tarea1/bcd.sv Line: 31
Warning (10230): Verilog HDL assignment warning at bcd.sv(32): truncated value with size 32 to match size of target (4) File: C:/Verificacion/tarea1/bcd.sv Line: 32
Warning (10230): Verilog HDL assignment warning at bcd.sv(33): truncated value with size 32 to match size of target (4) File: C:/Verificacion/tarea1/bcd.sv Line: 33
Warning (10270): Verilog HDL Case Statement warning at bcd.sv(36): incomplete case statement has no default case item File: C:/Verificacion/tarea1/bcd.sv Line: 36
Warning (10270): Verilog HDL Case Statement warning at bcd.sv(58): incomplete case statement has no default case item File: C:/Verificacion/tarea1/bcd.sv Line: 58
Warning (10270): Verilog HDL Case Statement warning at bcd.sv(80): incomplete case statement has no default case item File: C:/Verificacion/tarea1/bcd.sv Line: 80
Warning (10240): Verilog HDL Always Construct warning at bcd.sv(17): inferring latch(es) for variable "unidades", which holds its previous value in one or more paths through the always construct File: C:/Verificacion/tarea1/bcd.sv Line: 17
Warning (10240): Verilog HDL Always Construct warning at bcd.sv(17): inferring latch(es) for variable "decenas", which holds its previous value in one or more paths through the always construct File: C:/Verificacion/tarea1/bcd.sv Line: 17
Warning (10240): Verilog HDL Always Construct warning at bcd.sv(17): inferring latch(es) for variable "centenas", which holds its previous value in one or more paths through the always construct File: C:/Verificacion/tarea1/bcd.sv Line: 17
Info (10041): Inferred latch for "centenas[6]" at bcd.sv(17) File: C:/Verificacion/tarea1/bcd.sv Line: 17
Info (10041): Inferred latch for "centenas[5]" at bcd.sv(17) File: C:/Verificacion/tarea1/bcd.sv Line: 17
Info (10041): Inferred latch for "centenas[4]" at bcd.sv(17) File: C:/Verificacion/tarea1/bcd.sv Line: 17
Info (10041): Inferred latch for "centenas[3]" at bcd.sv(17) File: C:/Verificacion/tarea1/bcd.sv Line: 17
Info (10041): Inferred latch for "centenas[2]" at bcd.sv(17) File: C:/Verificacion/tarea1/bcd.sv Line: 17
Info (10041): Inferred latch for "centenas[1]" at bcd.sv(17) File: C:/Verificacion/tarea1/bcd.sv Line: 17
Info (10041): Inferred latch for "centenas[0]" at bcd.sv(17) File: C:/Verificacion/tarea1/bcd.sv Line: 17
Info (10041): Inferred latch for "decenas[6]" at bcd.sv(17) File: C:/Verificacion/tarea1/bcd.sv Line: 17
Info (10041): Inferred latch for "decenas[5]" at bcd.sv(17) File: C:/Verificacion/tarea1/bcd.sv Line: 17
Info (10041): Inferred latch for "decenas[4]" at bcd.sv(17) File: C:/Verificacion/tarea1/bcd.sv Line: 17
Info (10041): Inferred latch for "decenas[3]" at bcd.sv(17) File: C:/Verificacion/tarea1/bcd.sv Line: 17
Info (10041): Inferred latch for "decenas[2]" at bcd.sv(17) File: C:/Verificacion/tarea1/bcd.sv Line: 17
Info (10041): Inferred latch for "decenas[1]" at bcd.sv(17) File: C:/Verificacion/tarea1/bcd.sv Line: 17
Info (10041): Inferred latch for "decenas[0]" at bcd.sv(17) File: C:/Verificacion/tarea1/bcd.sv Line: 17
Info (10041): Inferred latch for "unidades[6]" at bcd.sv(17) File: C:/Verificacion/tarea1/bcd.sv Line: 17
Info (10041): Inferred latch for "unidades[5]" at bcd.sv(17) File: C:/Verificacion/tarea1/bcd.sv Line: 17
Info (10041): Inferred latch for "unidades[4]" at bcd.sv(17) File: C:/Verificacion/tarea1/bcd.sv Line: 17
Info (10041): Inferred latch for "unidades[3]" at bcd.sv(17) File: C:/Verificacion/tarea1/bcd.sv Line: 17
Info (10041): Inferred latch for "unidades[2]" at bcd.sv(17) File: C:/Verificacion/tarea1/bcd.sv Line: 17
Info (10041): Inferred latch for "unidades[1]" at bcd.sv(17) File: C:/Verificacion/tarea1/bcd.sv Line: 17
Info (10041): Inferred latch for "unidades[0]" at bcd.sv(17) File: C:/Verificacion/tarea1/bcd.sv Line: 17
Info (278001): Inferred 4 megafunctions from design logic
    Info (278004): Inferred divider/modulo megafunction ("lpm_divide") from the following logic: "Div2" File: C:/Verificacion/tarea1/bcd.sv Line: 32
    Info (278004): Inferred divider/modulo megafunction ("lpm_divide") from the following logic: "Div0" File: C:/Verificacion/tarea1/bcd.sv Line: 26
    Info (278004): Inferred divider/modulo megafunction ("lpm_divide") from the following logic: "Div1" File: C:/Verificacion/tarea1/bcd.sv Line: 31
    Info (278003): Inferred multiplier megafunction ("lpm_mult") from the following logic: "Mult0" File: C:/Verificacion/tarea1/bcd.sv Line: 33
Info (12130): Elaborated megafunction instantiation "lpm_divide:Div2" File: C:/Verificacion/tarea1/bcd.sv Line: 32
Info (12133): Instantiated megafunction "lpm_divide:Div2" with the following parameter: File: C:/Verificacion/tarea1/bcd.sv Line: 32
    Info (12134): Parameter "LPM_WIDTHN" = "32"
    Info (12134): Parameter "LPM_WIDTHD" = "4"
    Info (12134): Parameter "LPM_NREPRESENTATION" = "UNSIGNED"
    Info (12134): Parameter "LPM_DREPRESENTATION" = "UNSIGNED"
Info (12021): Found 1 design units, including 1 entities, in source file db/lpm_divide_0jm.tdf
    Info (12023): Found entity 1: lpm_divide_0jm File: C:/Verificacion/tarea1/db/lpm_divide_0jm.tdf Line: 24
Info (12021): Found 1 design units, including 1 entities, in source file db/sign_div_unsign_olh.tdf
    Info (12023): Found entity 1: sign_div_unsign_olh File: C:/Verificacion/tarea1/db/sign_div_unsign_olh.tdf Line: 24
Info (12021): Found 1 design units, including 1 entities, in source file db/alt_u_div_47f.tdf
    Info (12023): Found entity 1: alt_u_div_47f File: C:/Verificacion/tarea1/db/alt_u_div_47f.tdf Line: 26
Info (12021): Found 1 design units, including 1 entities, in source file db/add_sub_7pc.tdf
    Info (12023): Found entity 1: add_sub_7pc File: C:/Verificacion/tarea1/db/add_sub_7pc.tdf Line: 22
Info (12021): Found 1 design units, including 1 entities, in source file db/add_sub_8pc.tdf
    Info (12023): Found entity 1: add_sub_8pc File: C:/Verificacion/tarea1/db/add_sub_8pc.tdf Line: 22
Info (12130): Elaborated megafunction instantiation "lpm_divide:Div0" File: C:/Verificacion/tarea1/bcd.sv Line: 26
Info (12133): Instantiated megafunction "lpm_divide:Div0" with the following parameter: File: C:/Verificacion/tarea1/bcd.sv Line: 26
    Info (12134): Parameter "LPM_WIDTHN" = "8"
    Info (12134): Parameter "LPM_WIDTHD" = "4"
    Info (12134): Parameter "LPM_NREPRESENTATION" = "UNSIGNED"
    Info (12134): Parameter "LPM_DREPRESENTATION" = "UNSIGNED"
Info (12021): Found 1 design units, including 1 entities, in source file db/lpm_divide_jhm.tdf
    Info (12023): Found entity 1: lpm_divide_jhm File: C:/Verificacion/tarea1/db/lpm_divide_jhm.tdf Line: 24
Info (12021): Found 1 design units, including 1 entities, in source file db/sign_div_unsign_bkh.tdf
    Info (12023): Found entity 1: sign_div_unsign_bkh File: C:/Verificacion/tarea1/db/sign_div_unsign_bkh.tdf Line: 24
Info (12021): Found 1 design units, including 1 entities, in source file db/alt_u_div_a4f.tdf
    Info (12023): Found entity 1: alt_u_div_a4f File: C:/Verificacion/tarea1/db/alt_u_div_a4f.tdf Line: 26
Info (12130): Elaborated megafunction instantiation "lpm_divide:Div1" File: C:/Verificacion/tarea1/bcd.sv Line: 31
Info (12133): Instantiated megafunction "lpm_divide:Div1" with the following parameter: File: C:/Verificacion/tarea1/bcd.sv Line: 31
    Info (12134): Parameter "LPM_WIDTHN" = "8"
    Info (12134): Parameter "LPM_WIDTHD" = "7"
    Info (12134): Parameter "LPM_NREPRESENTATION" = "UNSIGNED"
    Info (12134): Parameter "LPM_DREPRESENTATION" = "UNSIGNED"
Info (12021): Found 1 design units, including 1 entities, in source file db/lpm_divide_mhm.tdf
    Info (12023): Found entity 1: lpm_divide_mhm File: C:/Verificacion/tarea1/db/lpm_divide_mhm.tdf Line: 24
Info (12021): Found 1 design units, including 1 entities, in source file db/sign_div_unsign_ekh.tdf
    Info (12023): Found entity 1: sign_div_unsign_ekh File: C:/Verificacion/tarea1/db/sign_div_unsign_ekh.tdf Line: 24
Info (12021): Found 1 design units, including 1 entities, in source file db/alt_u_div_g4f.tdf
    Info (12023): Found entity 1: alt_u_div_g4f File: C:/Verificacion/tarea1/db/alt_u_div_g4f.tdf Line: 26
Info (12130): Elaborated megafunction instantiation "lpm_mult:Mult0" File: C:/Verificacion/tarea1/bcd.sv Line: 33
Info (12133): Instantiated megafunction "lpm_mult:Mult0" with the following parameter: File: C:/Verificacion/tarea1/bcd.sv Line: 33
    Info (12134): Parameter "LPM_WIDTHA" = "4"
    Info (12134): Parameter "LPM_WIDTHB" = "7"
    Info (12134): Parameter "LPM_WIDTHP" = "11"
    Info (12134): Parameter "LPM_WIDTHR" = "11"
    Info (12134): Parameter "LPM_WIDTHS" = "1"
    Info (12134): Parameter "LPM_REPRESENTATION" = "UNSIGNED"
    Info (12134): Parameter "INPUT_A_IS_CONSTANT" = "NO"
    Info (12134): Parameter "INPUT_B_IS_CONSTANT" = "YES"
    Info (12134): Parameter "MAXIMIZE_SPEED" = "5"
Info (12131): Elaborated megafunction instantiation "lpm_mult:Mult0|multcore:mult_core", which is child of megafunction instantiation "lpm_mult:Mult0" File: c:/intelfpga_lite/18.1/quartus/libraries/megafunctions/lpm_mult.tdf Line: 308
Info (12131): Elaborated megafunction instantiation "lpm_mult:Mult0|multcore:mult_core|mpar_add:padder", which is child of megafunction instantiation "lpm_mult:Mult0" File: c:/intelfpga_lite/18.1/quartus/libraries/megafunctions/multcore.tdf Line: 228
Info (12131): Elaborated megafunction instantiation "lpm_mult:Mult0|altshift:external_latency_ffs", which is child of megafunction instantiation "lpm_mult:Mult0" File: c:/intelfpga_lite/18.1/quartus/libraries/megafunctions/lpm_mult.tdf Line: 351
Warning (14026): LATCH primitive "centenas[6]$latch" is permanently enabled File: C:/Verificacion/tarea1/bcd.sv Line: 17
Warning (14026): LATCH primitive "centenas[5]$latch" is permanently enabled File: C:/Verificacion/tarea1/bcd.sv Line: 17
Warning (14026): LATCH primitive "centenas[4]$latch" is permanently enabled File: C:/Verificacion/tarea1/bcd.sv Line: 17
Warning (14026): LATCH primitive "centenas[3]$latch" is permanently enabled File: C:/Verificacion/tarea1/bcd.sv Line: 17
Warning (14026): LATCH primitive "centenas[2]$latch" is permanently enabled File: C:/Verificacion/tarea1/bcd.sv Line: 17
Warning (14026): LATCH primitive "centenas[0]$latch" is permanently enabled File: C:/Verificacion/tarea1/bcd.sv Line: 17
Warning (13012): Latch unidades[6]$latch has unsafe behavior File: C:/Verificacion/tarea1/bcd.sv Line: 17
    Warning (13013): Ports D and ENA on the latch are fed by the same signal bits[1] File: C:/Verificacion/tarea1/bcd.sv Line: 4
Warning (13012): Latch unidades[5]$latch has unsafe behavior File: C:/Verificacion/tarea1/bcd.sv Line: 17
    Warning (13013): Ports D and ENA on the latch are fed by the same signal bits[1] File: C:/Verificacion/tarea1/bcd.sv Line: 4
Warning (13012): Latch unidades[4]$latch has unsafe behavior File: C:/Verificacion/tarea1/bcd.sv Line: 17
    Warning (13013): Ports D and ENA on the latch are fed by the same signal bits[2] File: C:/Verificacion/tarea1/bcd.sv Line: 4
Warning (13012): Latch unidades[3]$latch has unsafe behavior File: C:/Verificacion/tarea1/bcd.sv Line: 17
    Warning (13013): Ports D and ENA on the latch are fed by the same signal bits[1] File: C:/Verificacion/tarea1/bcd.sv Line: 4
Warning (13012): Latch unidades[2]$latch has unsafe behavior File: C:/Verificacion/tarea1/bcd.sv Line: 17
    Warning (13013): Ports D and ENA on the latch are fed by the same signal bits[2] File: C:/Verificacion/tarea1/bcd.sv Line: 4
Warning (13012): Latch unidades[1]$latch has unsafe behavior File: C:/Verificacion/tarea1/bcd.sv Line: 17
    Warning (13013): Ports D and ENA on the latch are fed by the same signal bits[2] File: C:/Verificacion/tarea1/bcd.sv Line: 4
Warning (13012): Latch unidades[0]$latch has unsafe behavior File: C:/Verificacion/tarea1/bcd.sv Line: 17
    Warning (13013): Ports D and ENA on the latch are fed by the same signal bits[1] File: C:/Verificacion/tarea1/bcd.sv Line: 4
Warning (13012): Latch decenas[6]$latch has unsafe behavior File: C:/Verificacion/tarea1/bcd.sv Line: 17
    Warning (13013): Ports D and ENA on the latch are fed by the same signal bits[4] File: C:/Verificacion/tarea1/bcd.sv Line: 4
Warning (13012): Latch decenas[5]$latch has unsafe behavior File: C:/Verificacion/tarea1/bcd.sv Line: 17
    Warning (13013): Ports D and ENA on the latch are fed by the same signal bits[4] File: C:/Verificacion/tarea1/bcd.sv Line: 4
Warning (13012): Latch decenas[4]$latch has unsafe behavior File: C:/Verificacion/tarea1/bcd.sv Line: 17
    Warning (13013): Ports D and ENA on the latch are fed by the same signal bits[4] File: C:/Verificacion/tarea1/bcd.sv Line: 4
Warning (13012): Latch decenas[3]$latch has unsafe behavior File: C:/Verificacion/tarea1/bcd.sv Line: 17
    Warning (13013): Ports D and ENA on the latch are fed by the same signal bits[4] File: C:/Verificacion/tarea1/bcd.sv Line: 4
Warning (13012): Latch decenas[2]$latch has unsafe behavior File: C:/Verificacion/tarea1/bcd.sv Line: 17
    Warning (13013): Ports D and ENA on the latch are fed by the same signal bits[4] File: C:/Verificacion/tarea1/bcd.sv Line: 4
Warning (13012): Latch decenas[1]$latch has unsafe behavior File: C:/Verificacion/tarea1/bcd.sv Line: 17
    Warning (13013): Ports D and ENA on the latch are fed by the same signal bits[4] File: C:/Verificacion/tarea1/bcd.sv Line: 4
Warning (13012): Latch decenas[0]$latch has unsafe behavior File: C:/Verificacion/tarea1/bcd.sv Line: 17
    Warning (13013): Ports D and ENA on the latch are fed by the same signal bits[4] File: C:/Verificacion/tarea1/bcd.sv Line: 4
Warning (13024): Output pins are stuck at VCC or GND
    Warning (13410): Pin "centenas[1]" is stuck at GND File: C:/Verificacion/tarea1/bcd.sv Line: 17
Info (286030): Timing-Driven Synthesis is running
Info (16010): Generating hard_block partition "hard_block:auto_generated_inst"
    Info (16011): Adding 0 node(s), including 0 DDIO, 0 PLL, 0 transceiver and 0 LCELL
Info (21057): Implemented 297 device resources after synthesis - the final resource count might be different
    Info (21058): Implemented 8 input pins
    Info (21059): Implemented 21 output pins
    Info (21061): Implemented 268 logic cells
Info: Quartus Prime Analysis & Synthesis was successful. 0 errors, 49 warnings
    Info: Peak virtual memory: 4782 megabytes
    Info: Processing ended: Mon Feb 04 16:14:03 2019
    Info: Elapsed time: 00:00:18
    Info: Total CPU time (on all processors): 00:00:39


